<?xml version="1.0" encoding="UTF-8"?>
<testng-results skipped="1" failed="0" total="1" passed="0">
  <reporter-output>
  </reporter-output>
  <suite name="com.gallery.intex by packages" duration-ms="31181" started-at="2018-03-04T09:51:55Z" finished-at="2018-03-04T09:52:26Z">
    <groups>
    </groups>
    <test name="com.gallery.intex.testcases" duration-ms="31181" started-at="2018-03-04T09:51:55Z" finished-at="2018-03-04T09:52:26Z">
      <class name="com.gallery.intex.testcases.EnterTheGallery">
        <test-method status="SKIP" signature="beforeClass()[pri:0, instance:com.gallery.intex.testcases.EnterTheGallery@77cd7a0]" name="beforeClass" is-config="true" duration-ms="0" started-at="2018-03-04T15:22:26Z" finished-at="2018-03-04T15:22:26Z">
          <reporter-output>
          </reporter-output>
        </test-method> <!-- beforeClass -->
        <test-method status="SKIP" signature="menuOptions()[pri:0, instance:com.gallery.intex.testcases.EnterTheGallery@77cd7a0]" name="menuOptions" duration-ms="2" started-at="2018-03-04T15:22:26Z" finished-at="2018-03-04T15:22:26Z">
          <reporter-output>
          </reporter-output>
        </test-method> <!-- menuOptions -->
        <test-method status="SKIP" signature="afterClass()[pri:0, instance:com.gallery.intex.testcases.EnterTheGallery@77cd7a0]" name="afterClass" is-config="true" duration-ms="0" started-at="2018-03-04T15:22:26Z" finished-at="2018-03-04T15:22:26Z">
          <reporter-output>
          </reporter-output>
        </test-method> <!-- afterClass -->
      </class> <!-- com.gallery.intex.testcases.EnterTheGallery -->
      <class name="com.gallery.intex.testcases.TestSetup">
        <test-method status="FAIL" signature="TestSetup()[pri:0, instance:com.gallery.intex.testcases.TestSetup@4667ae56]" name="TestSetup" is-config="true" duration-ms="0" started-at="2018-03-04T15:21:55Z" finished-at="2018-03-04T15:21:55Z">
          <exception class="org.openqa.selenium.WebDriverException">
            <message>
              <![CDATA[<!DOCTYPE html>
<html lang="en">
<head>
<meta charset="utf-8">
<title>Error</title>
</head>
<body>
<pre>Error: write EPIPE<br> &nbsp; &nbsp;at _errnoException (util.js:1024:11)<br> &nbsp; &nbsp;at Socket._writeGeneric (net.js:767:25)<br> &nbsp; &nbsp;at Socket._write (net.js:786:8)<br> &nbsp; &nbsp;at doWrite (_stream_writable.js:387:12)<br> &nbsp; &nbsp;at writeOrBuffer (_stream_writable.js:373:5)<br> &nbsp; &nbsp;at Socket.Writable.write (_stream_writable.js:290:11)<br> &nbsp; &nbsp;at Socket.write (net.js:704:40)<br> &nbsp; &nbsp;at exports.Console.Console.log (C:\Users\Ashish Rawat\AppData\Local\Programs\appium-desktop\resources\app\node_modules\appium\node_modules\winston\lib\winston\transports\console.js:121:20)<br> &nbsp; &nbsp;at transportLog (C:\Users\Ashish Rawat\AppData\Local\Programs\appium-desktop\resources\app\node_modules\appium\node_modules\winston\lib\winston\logger.js:234:15)<br> &nbsp; &nbsp;at C:\Users\Ashish Rawat\AppData\Local\Programs\appium-desktop\resources\app\node_modules\appium\node_modules\winston\node_modules\async\lib\async.js:157:13<br> &nbsp; &nbsp;at _each (C:\Users\Ashish Rawat\AppData\Local\Programs\appium-desktop\resources\app\node_modules\appium\node_modules\winston\node_modules\async\lib\async.js:57:9)<br> &nbsp; &nbsp;at Object.async.each (C:\Users\Ashish Rawat\AppData\Local\Programs\appium-desktop\resources\app\node_modules\appium\node_modules\winston\node_modules\async\lib\async.js:156:9)<br> &nbsp; &nbsp;at exports.Logger.Logger.log (C:\Users\Ashish Rawat\AppData\Local\Programs\appium-desktop\resources\app\node_modules\appium\node_modules\winston\lib\winston\logger.js:246:9)<br> &nbsp; &nbsp;at exports.Logger.target.(anonymous function) [as info] (C:\Users\Ashish Rawat\AppData\Local\Programs\appium-desktop\resources\app\node_modules\appium\node_modules\winston\lib\winston\common.js:54:18)<br> &nbsp; &nbsp;at EventEmitter.&lt;anonymous&gt; (../../lib/logsink.js:197:22)<br> &nbsp; &nbsp;at emitOne (events.js:116:13)<br> &nbsp; &nbsp;at EventEmitter.emit (events.js:211:7)<br> &nbsp; &nbsp;at EventEmitter.&lt;anonymous&gt; (C:\Users\Ashish Rawat\AppData\Local\Programs\appium-desktop\resources\app\node_modules\appium\node_modules\npmlog\log.js:158:8)<br> &nbsp; &nbsp;at EventEmitter.&lt;anonymous&gt; (C:\Users\Ashish Rawat\AppData\Local\Programs\appium-desktop\resources\app\node_modules\appium\node_modules\npmlog\log.js:231:21)<br> &nbsp; &nbsp;at startLogFormatter.immediate (../../../lib/express/express-logging.js:50:7)<br> &nbsp; &nbsp;at logRequest (C:\Users\Ashish Rawat\AppData\Local\Programs\appium-desktop\resources\app\node_modules\appium\node_modules\morgan\index.js:122:18)<br> &nbsp; &nbsp;at logger (C:\Users\Ashish Rawat\AppData\Local\Programs\appium-desktop\resources\app\node_modules\appium\node_modules\morgan\index.js:135:7)<br> &nbsp; &nbsp;at Layer.handle [as handle_request] (C:\Users\Ashish Rawat\AppData\Local\Programs\appium-desktop\resources\app\node_modules\appium\node_modules\express\lib\router\layer.js:95:5)<br> &nbsp; &nbsp;at trim_prefix (C:\Users\Ashish Rawat\AppData\Local\Programs\appium-desktop\resources\app\node_modules\appium\node_modules\express\lib\router\index.js:317:13)<br> &nbsp; &nbsp;at C:\Users\Ashish Rawat\AppData\Local\Programs\appium-desktop\resources\app\node_modules\appium\node_modules\express\lib\router\index.js:284:7<br> &nbsp; &nbsp;at Function.process_params (C:\Users\Ashish Rawat\AppData\Local\Programs\appium-desktop\resources\app\node_modules\appium\node_modules\express\lib\router\index.js:335:12)<br> &nbsp; &nbsp;at next (C:\Users\Ashish Rawat\AppData\Local\Programs\appium-desktop\resources\app\node_modules\appium\node_modules\express\lib\router\index.js:275:10)<br> &nbsp; &nbsp;at C:\Users\Ashish Rawat\AppData\Local\Programs\appium-desktop\resources\app\node_modules\appium\node_modules\body-parser\lib\read.js:130:5<br> &nbsp; &nbsp;at invokeCallback (C:\Users\Ashish Rawat\AppData\Local\Programs\appium-desktop\resources\app\node_modules\appium\node_modules\raw-body\index.js:224:16)<br> &nbsp; &nbsp;at done (C:\Users\Ashish Rawat\AppData\Local\Programs\appium-desktop\resources\app\node_modules\appium\node_modules\raw-body\index.js:213:7)<br> &nbsp; &nbsp;at IncomingMessage.onEnd (C:\Users\Ashish Rawat\AppData\Local\Programs\appium-desktop\resources\app\node_modules\appium\node_modules\raw-body\index.js:273:7)<br> &nbsp; &nbsp;at emitNone (events.js:106:13)<br> &nbsp; &nbsp;at IncomingMessage.emit (events.js:208:7)<br> &nbsp; &nbsp;at endReadableNT (_stream_readable.js:1056:12)<br> &nbsp; &nbsp;at _combinedTickCallback (internal/process/next_tick.js:138:11)<br> &nbsp; &nbsp;at process._tickCallback (internal/process/next_tick.js:180:9)</pre>
</body>
</html>
Command duration or timeout: 302 milliseconds
Build info: version: '2.53.0', revision: '35ae25b1534ae328c771e0856c93e187490ca824', time: '2016-03-15 10:43:46'
System info: host: 'DESKTOP-1CC4URN', ip: '192.168.43.67', os.name: 'Windows 10', os.arch: 'amd64', os.version: '10.0', java.version: '1.8.0_151'
Driver info: io.appium.java_client.android.AndroidDriver]]>
            </message>
            <full-stacktrace>
              <![CDATA[org.openqa.selenium.WebDriverException: <!DOCTYPE html>
<html lang="en">
<head>
<meta charset="utf-8">
<title>Error</title>
</head>
<body>
<pre>Error: write EPIPE<br> &nbsp; &nbsp;at _errnoException (util.js:1024:11)<br> &nbsp; &nbsp;at Socket._writeGeneric (net.js:767:25)<br> &nbsp; &nbsp;at Socket._write (net.js:786:8)<br> &nbsp; &nbsp;at doWrite (_stream_writable.js:387:12)<br> &nbsp; &nbsp;at writeOrBuffer (_stream_writable.js:373:5)<br> &nbsp; &nbsp;at Socket.Writable.write (_stream_writable.js:290:11)<br> &nbsp; &nbsp;at Socket.write (net.js:704:40)<br> &nbsp; &nbsp;at exports.Console.Console.log (C:\Users\Ashish Rawat\AppData\Local\Programs\appium-desktop\resources\app\node_modules\appium\node_modules\winston\lib\winston\transports\console.js:121:20)<br> &nbsp; &nbsp;at transportLog (C:\Users\Ashish Rawat\AppData\Local\Programs\appium-desktop\resources\app\node_modules\appium\node_modules\winston\lib\winston\logger.js:234:15)<br> &nbsp; &nbsp;at C:\Users\Ashish Rawat\AppData\Local\Programs\appium-desktop\resources\app\node_modules\appium\node_modules\winston\node_modules\async\lib\async.js:157:13<br> &nbsp; &nbsp;at _each (C:\Users\Ashish Rawat\AppData\Local\Programs\appium-desktop\resources\app\node_modules\appium\node_modules\winston\node_modules\async\lib\async.js:57:9)<br> &nbsp; &nbsp;at Object.async.each (C:\Users\Ashish Rawat\AppData\Local\Programs\appium-desktop\resources\app\node_modules\appium\node_modules\winston\node_modules\async\lib\async.js:156:9)<br> &nbsp; &nbsp;at exports.Logger.Logger.log (C:\Users\Ashish Rawat\AppData\Local\Programs\appium-desktop\resources\app\node_modules\appium\node_modules\winston\lib\winston\logger.js:246:9)<br> &nbsp; &nbsp;at exports.Logger.target.(anonymous function) [as info] (C:\Users\Ashish Rawat\AppData\Local\Programs\appium-desktop\resources\app\node_modules\appium\node_modules\winston\lib\winston\common.js:54:18)<br> &nbsp; &nbsp;at EventEmitter.&lt;anonymous&gt; (../../lib/logsink.js:197:22)<br> &nbsp; &nbsp;at emitOne (events.js:116:13)<br> &nbsp; &nbsp;at EventEmitter.emit (events.js:211:7)<br> &nbsp; &nbsp;at EventEmitter.&lt;anonymous&gt; (C:\Users\Ashish Rawat\AppData\Local\Programs\appium-desktop\resources\app\node_modules\appium\node_modules\npmlog\log.js:158:8)<br> &nbsp; &nbsp;at EventEmitter.&lt;anonymous&gt; (C:\Users\Ashish Rawat\AppData\Local\Programs\appium-desktop\resources\app\node_modules\appium\node_modules\npmlog\log.js:231:21)<br> &nbsp; &nbsp;at startLogFormatter.immediate (../../../lib/express/express-logging.js:50:7)<br> &nbsp; &nbsp;at logRequest (C:\Users\Ashish Rawat\AppData\Local\Programs\appium-desktop\resources\app\node_modules\appium\node_modules\morgan\index.js:122:18)<br> &nbsp; &nbsp;at logger (C:\Users\Ashish Rawat\AppData\Local\Programs\appium-desktop\resources\app\node_modules\appium\node_modules\morgan\index.js:135:7)<br> &nbsp; &nbsp;at Layer.handle [as handle_request] (C:\Users\Ashish Rawat\AppData\Local\Programs\appium-desktop\resources\app\node_modules\appium\node_modules\express\lib\router\layer.js:95:5)<br> &nbsp; &nbsp;at trim_prefix (C:\Users\Ashish Rawat\AppData\Local\Programs\appium-desktop\resources\app\node_modules\appium\node_modules\express\lib\router\index.js:317:13)<br> &nbsp; &nbsp;at C:\Users\Ashish Rawat\AppData\Local\Programs\appium-desktop\resources\app\node_modules\appium\node_modules\express\lib\router\index.js:284:7<br> &nbsp; &nbsp;at Function.process_params (C:\Users\Ashish Rawat\AppData\Local\Programs\appium-desktop\resources\app\node_modules\appium\node_modules\express\lib\router\index.js:335:12)<br> &nbsp; &nbsp;at next (C:\Users\Ashish Rawat\AppData\Local\Programs\appium-desktop\resources\app\node_modules\appium\node_modules\express\lib\router\index.js:275:10)<br> &nbsp; &nbsp;at C:\Users\Ashish Rawat\AppData\Local\Programs\appium-desktop\resources\app\node_modules\appium\node_modules\body-parser\lib\read.js:130:5<br> &nbsp; &nbsp;at invokeCallback (C:\Users\Ashish Rawat\AppData\Local\Programs\appium-desktop\resources\app\node_modules\appium\node_modules\raw-body\index.js:224:16)<br> &nbsp; &nbsp;at done (C:\Users\Ashish Rawat\AppData\Local\Programs\appium-desktop\resources\app\node_modules\appium\node_modules\raw-body\index.js:213:7)<br> &nbsp; &nbsp;at IncomingMessage.onEnd (C:\Users\Ashish Rawat\AppData\Local\Programs\appium-desktop\resources\app\node_modules\appium\node_modules\raw-body\index.js:273:7)<br> &nbsp; &nbsp;at emitNone (events.js:106:13)<br> &nbsp; &nbsp;at IncomingMessage.emit (events.js:208:7)<br> &nbsp; &nbsp;at endReadableNT (_stream_readable.js:1056:12)<br> &nbsp; &nbsp;at _combinedTickCallback (internal/process/next_tick.js:138:11)<br> &nbsp; &nbsp;at process._tickCallback (internal/process/next_tick.js:180:9)</pre>
</body>
</html>
Command duration or timeout: 302 milliseconds
Build info: version: '2.53.0', revision: '35ae25b1534ae328c771e0856c93e187490ca824', time: '2016-03-15 10:43:46'
System info: host: 'DESKTOP-1CC4URN', ip: '192.168.43.67', os.name: 'Windows 10', os.arch: 'amd64', os.version: '10.0', java.version: '1.8.0_151'
Driver info: io.appium.java_client.android.AndroidDriver
	at sun.reflect.NativeConstructorAccessorImpl.newInstance0(Native Method)
	at sun.reflect.NativeConstructorAccessorImpl.newInstance(Unknown Source)
	at sun.reflect.DelegatingConstructorAccessorImpl.newInstance(Unknown Source)
	at java.lang.reflect.Constructor.newInstance(Unknown Source)
	at org.openqa.selenium.remote.ErrorHandler.createThrowable(ErrorHandler.java:206)
	at org.openqa.selenium.remote.ErrorHandler.throwIfResponseFailed(ErrorHandler.java:158)
	at org.openqa.selenium.remote.RemoteWebDriver.execute(RemoteWebDriver.java:678)
	at io.appium.java_client.DefaultGenericMobileDriver.execute(DefaultGenericMobileDriver.java:43)
	at io.appium.java_client.AppiumDriver.execute(AppiumDriver.java:1)
	at io.appium.java_client.android.AndroidDriver.execute(AndroidDriver.java:1)
	at org.openqa.selenium.remote.RemoteWebDriver.startSession(RemoteWebDriver.java:249)
	at org.openqa.selenium.remote.RemoteWebDriver.<init>(RemoteWebDriver.java:131)
	at org.openqa.selenium.remote.RemoteWebDriver.<init>(RemoteWebDriver.java:144)
	at io.appium.java_client.DefaultGenericMobileDriver.<init>(DefaultGenericMobileDriver.java:39)
	at io.appium.java_client.AppiumDriver.<init>(AppiumDriver.java:69)
	at io.appium.java_client.AppiumDriver.<init>(AppiumDriver.java:78)
	at io.appium.java_client.android.AndroidDriver.<init>(AndroidDriver.java:67)
	at com.gallery.intex.testcases.TestSetup.TestSetup(TestSetup.java:42)
	at sun.reflect.NativeMethodAccessorImpl.invoke0(Native Method)
	at sun.reflect.NativeMethodAccessorImpl.invoke(Unknown Source)
	at sun.reflect.DelegatingMethodAccessorImpl.invoke(Unknown Source)
	at java.lang.reflect.Method.invoke(Unknown Source)
	at org.testng.internal.MethodInvocationHelper.invokeMethod(MethodInvocationHelper.java:85)
	at org.testng.internal.Invoker.invokeConfigurationMethod(Invoker.java:510)
	at org.testng.internal.Invoker.invokeConfigurations(Invoker.java:211)
	at org.testng.internal.Invoker.invokeConfigurations(Invoker.java:138)
	at org.testng.TestRunner.beforeRun(TestRunner.java:648)
	at org.testng.TestRunner.run(TestRunner.java:616)
	at org.testng.SuiteRunner.runTest(SuiteRunner.java:359)
	at org.testng.SuiteRunner.runSequentially(SuiteRunner.java:354)
	at org.testng.SuiteRunner.privateRun(SuiteRunner.java:312)
	at org.testng.SuiteRunner.run(SuiteRunner.java:261)
	at org.testng.SuiteRunnerWorker.runSuite(SuiteRunnerWorker.java:52)
	at org.testng.SuiteRunnerWorker.run(SuiteRunnerWorker.java:86)
	at org.testng.TestNG.runSuitesSequentially(TestNG.java:1191)
	at org.testng.TestNG.runSuitesLocally(TestNG.java:1116)
	at org.testng.TestNG.run(TestNG.java:1024)
	at org.testng.remote.AbstractRemoteTestNG.run(AbstractRemoteTestNG.java:114)
	at org.testng.remote.RemoteTestNG.initAndRun(RemoteTestNG.java:251)
	at org.testng.remote.RemoteTestNG.main(RemoteTestNG.java:77)
]]>
            </full-stacktrace>
          </exception> <!-- org.openqa.selenium.WebDriverException -->
          <reporter-output>
          </reporter-output>
        </test-method> <!-- TestSetup -->
        <test-method status="SKIP" signature="EndTest()[pri:0, instance:com.gallery.intex.testcases.TestSetup@4667ae56]" name="EndTest" is-config="true" duration-ms="0" started-at="2018-03-04T15:22:26Z" finished-at="2018-03-04T15:22:26Z">
          <reporter-output>
          </reporter-output>
        </test-method> <!-- EndTest -->
      </class> <!-- com.gallery.intex.testcases.TestSetup -->
    </test> <!-- com.gallery.intex.testcases -->
  </suite> <!-- com.gallery.intex by packages -->
</testng-results>
